2023-03-25 00:50:07.631  INFO 2632 --- [main] com.springboot.Application               : Starting Application using Java 17.0.5 on Rick-yxs with PID 2632 (D:\back-end learning\java-exercise\JavaEE\javaSpringBoot-yxs\javaSpringBoot\SpringBoot\target\classes started by AKAtravis-yxs in D:\back-end learning\java-exercise\JavaEE\javaSpringBoot-yxs\javaSpringBoot)
2023-03-25 00:50:07.633  INFO 2632 --- [main] com.springboot.Application               : No active profile set, falling back to default profiles: default
2023-03-25 00:50:08.002  WARN 2632 --- [main] o.m.s.mapper.ClassPathMapperScanner      : No MyBatis mapper was found in '[com.springboot]' package. Please check your configuration.
2023-03-25 00:50:08.251  INFO 2632 --- [main] o.s.b.w.embedded.tomcat.TomcatWebServer  : Tomcat initialized with port(s): 80 (http)
2023-03-25 00:50:08.260  INFO 2632 --- [main] o.apache.catalina.core.StandardService   : Starting service [Tomcat]
2023-03-25 00:50:08.260  INFO 2632 --- [main] org.apache.catalina.core.StandardEngine  : Starting Servlet engine: [Apache Tomcat/9.0.56]
2023-03-25 00:50:08.308  INFO 2632 --- [main] o.a.c.c.C.[Tomcat].[localhost].[/]       : Initializing Spring embedded WebApplicationContext
2023-03-25 00:50:08.308  INFO 2632 --- [main] w.s.c.ServletWebServerApplicationContext : Root WebApplicationContext: initialization completed in 647 ms
2023-03-25 00:50:08.489  WARN 2632 --- [main] ion$DefaultTemplateResolverConfiguration : Cannot find template location: classpath:/templates/ (please add some templates or check your Thymeleaf configuration)
2023-03-25 00:50:08.634  INFO 2632 --- [main] o.s.b.w.embedded.tomcat.TomcatWebServer  : Tomcat started on port(s): 80 (http) with context path ''
2023-03-25 00:50:08.642  INFO 2632 --- [main] com.springboot.Application               : Started Application in 1.336 seconds (JVM running for 1.746)
2023-03-25 01:15:37.514  INFO 376 --- [main] com.springboot.Application               : Starting Application using Java 17.0.5 on Rick-yxs with PID 376 (D:\back-end learning\java-exercise\JavaEE\javaSpringBoot-yxs\javaSpringBoot\SpringBoot\target\classes started by AKAtravis-yxs in D:\back-end learning\java-exercise\JavaEE\javaSpringBoot-yxs\javaSpringBoot)
2023-03-25 01:15:37.517  INFO 376 --- [main] com.springboot.Application               : No active profile set, falling back to default profiles: default
2023-03-25 01:15:37.903  WARN 376 --- [main] o.m.s.mapper.ClassPathMapperScanner      : No MyBatis mapper was found in '[com.springboot]' package. Please check your configuration.
2023-03-25 01:15:38.148  INFO 376 --- [main] o.s.b.w.embedded.tomcat.TomcatWebServer  : Tomcat initialized with port(s): 80 (http)
2023-03-25 01:15:38.155  INFO 376 --- [main] o.apache.catalina.core.StandardService   : Starting service [Tomcat]
2023-03-25 01:15:38.155  INFO 376 --- [main] org.apache.catalina.core.StandardEngine  : Starting Servlet engine: [Apache Tomcat/9.0.56]
2023-03-25 01:15:38.201  INFO 376 --- [main] o.a.c.c.C.[Tomcat].[localhost].[/]       : Initializing Spring embedded WebApplicationContext
2023-03-25 01:15:38.201  INFO 376 --- [main] w.s.c.ServletWebServerApplicationContext : Root WebApplicationContext: initialization completed in 654 ms
2023-03-25 01:15:38.376  WARN 376 --- [main] ion$DefaultTemplateResolverConfiguration : Cannot find template location: classpath:/templates/ (please add some templates or check your Thymeleaf configuration)
2023-03-25 01:15:38.522  INFO 376 --- [main] o.s.b.w.embedded.tomcat.TomcatWebServer  : Tomcat started on port(s): 80 (http) with context path ''
2023-03-25 01:15:38.530  INFO 376 --- [main] com.springboot.Application               : Started Application in 1.343 seconds (JVM running for 1.709)
2023-03-25 01:15:47.104  INFO 376 --- [http-nio-80-exec-1] o.a.c.c.C.[Tomcat].[localhost].[/]       : Initializing Spring DispatcherServlet 'dispatcherServlet'
2023-03-25 01:15:47.104  INFO 376 --- [http-nio-80-exec-1] o.s.web.servlet.DispatcherServlet        : Initializing Servlet 'dispatcherServlet'
2023-03-25 01:15:47.105  INFO 376 --- [http-nio-80-exec-1] o.s.web.servlet.DispatcherServlet        : Completed initialization in 1 ms
2023-03-25 01:15:47.116  WARN 376 --- [http-nio-80-exec-1] o.s.web.servlet.PageNotFound             : No mapping for GET /index
2023-03-25 01:15:51.551  INFO 376 --- [http-nio-80-exec-2] c.s.logSystem.controller.MainController  : 用户访问了一次页面
2023-03-25 01:17:35.044  INFO 9076 --- [main] com.springboot.Application               : Starting Application using Java 17.0.5 on Rick-yxs with PID 9076 (D:\back-end learning\java-exercise\JavaEE\javaSpringBoot-yxs\javaSpringBoot\SpringBoot\target\classes started by AKAtravis-yxs in D:\back-end learning\java-exercise\JavaEE\javaSpringBoot-yxs\javaSpringBoot)
2023-03-25 01:17:35.046  INFO 9076 --- [main] com.springboot.Application               : No active profile set, falling back to default profiles: default
2023-03-25 01:17:35.418  WARN 9076 --- [main] o.m.s.mapper.ClassPathMapperScanner      : No MyBatis mapper was found in '[com.springboot]' package. Please check your configuration.
2023-03-25 01:17:35.657  INFO 9076 --- [main] o.s.b.w.embedded.tomcat.TomcatWebServer  : Tomcat initialized with port(s): 80 (http)
2023-03-25 01:17:35.672  INFO 9076 --- [main] o.apache.catalina.core.StandardService   : Starting service [Tomcat]
2023-03-25 01:17:35.673  INFO 9076 --- [main] org.apache.catalina.core.StandardEngine  : Starting Servlet engine: [Apache Tomcat/9.0.56]
2023-03-25 01:17:35.731  INFO 9076 --- [main] o.a.c.c.C.[Tomcat].[localhost].[/]       : Initializing Spring embedded WebApplicationContext
2023-03-25 01:17:35.731  INFO 9076 --- [main] w.s.c.ServletWebServerApplicationContext : Root WebApplicationContext: initialization completed in 655 ms
2023-03-25 01:17:35.915  WARN 9076 --- [main] ion$DefaultTemplateResolverConfiguration : Cannot find template location: classpath:/templates/ (please add some templates or check your Thymeleaf configuration)
2023-03-25 01:17:36.061  INFO 9076 --- [main] o.s.b.w.embedded.tomcat.TomcatWebServer  : Tomcat started on port(s): 80 (http) with context path ''
2023-03-25 01:17:36.069  INFO 9076 --- [main] com.springboot.Application               : Started Application in 1.367 seconds (JVM running for 1.779)
2023-03-25 01:17:49.562  INFO 9076 --- [http-nio-80-exec-1] o.a.c.c.C.[Tomcat].[localhost].[/]       : Initializing Spring DispatcherServlet 'dispatcherServlet'
2023-03-25 01:17:49.562  INFO 9076 --- [http-nio-80-exec-1] o.s.web.servlet.DispatcherServlet        : Initializing Servlet 'dispatcherServlet'
2023-03-25 01:17:49.563  INFO 9076 --- [http-nio-80-exec-1] o.s.web.servlet.DispatcherServlet        : Completed initialization in 1 ms
2023-03-25 01:17:49.595  INFO 9076 --- [http-nio-80-exec-1] c.s.logSystem.controller.MainController  : 用户访问了一次页面
2023-03-25 01:58:22.583  INFO 9688 --- [main] com.springboot.Application               : Starting Application using Java 17.0.5 on Rick-yxs with PID 9688 (D:\back-end learning\java-exercise\JavaEE\javaSpringBoot-yxs\javaSpringBoot\SpringBoot\target\classes started by AKAtravis-yxs in D:\back-end learning\java-exercise\JavaEE\javaSpringBoot-yxs\javaSpringBoot)
2023-03-25 01:58:22.585  INFO 9688 --- [main] com.springboot.Application               : The following profiles are active: dev
2023-03-25 01:58:22.951  WARN 9688 --- [main] o.m.s.mapper.ClassPathMapperScanner      : No MyBatis mapper was found in '[com.springboot]' package. Please check your configuration.
2023-03-25 01:58:23.176  INFO 9688 --- [main] o.s.b.w.embedded.tomcat.TomcatWebServer  : Tomcat initialized with port(s): 8080 (http)
2023-03-25 01:58:23.183  INFO 9688 --- [main] o.apache.catalina.core.StandardService   : Starting service [Tomcat]
2023-03-25 01:58:23.183  INFO 9688 --- [main] org.apache.catalina.core.StandardEngine  : Starting Servlet engine: [Apache Tomcat/9.0.56]
2023-03-25 01:58:23.244  INFO 9688 --- [main] o.a.c.c.C.[Tomcat].[localhost].[/]       : Initializing Spring embedded WebApplicationContext
2023-03-25 01:58:23.244  INFO 9688 --- [main] w.s.c.ServletWebServerApplicationContext : Root WebApplicationContext: initialization completed in 628 ms
2023-03-25 01:58:23.420  WARN 9688 --- [main] ion$DefaultTemplateResolverConfiguration : Cannot find template location: classpath:/templates/ (please add some templates or check your Thymeleaf configuration)
2023-03-25 01:58:23.433  WARN 9688 --- [main] ConfigServletWebServerApplicationContext : Exception encountered during context initialization - cancelling refresh attempt: org.springframework.beans.factory.BeanCreationException: Error creating bean with name 'dataSource' defined in class path resource [org/springframework/boot/autoconfigure/jdbc/DataSourceConfiguration$Hikari.class]: Bean instantiation via factory method failed; nested exception is org.springframework.beans.BeanInstantiationException: Failed to instantiate [com.zaxxer.hikari.HikariDataSource]: Factory method 'dataSource' threw exception; nested exception is org.springframework.boot.autoconfigure.jdbc.DataSourceProperties$DataSourceBeanCreationException: Failed to determine a suitable driver class
2023-03-25 01:58:23.435  INFO 9688 --- [main] o.apache.catalina.core.StandardService   : Stopping service [Tomcat]
2023-03-25 01:58:23.445  INFO 9688 --- [main] ConditionEvaluationReportLoggingListener : 

Error starting ApplicationContext. To display the conditions report re-run your application with 'debug' enabled.
2023-03-25 01:58:23.455 ERROR 9688 --- [main] o.s.b.d.LoggingFailureAnalysisReporter   : 

***************************
APPLICATION FAILED TO START
***************************

Description:

Failed to configure a DataSource: 'url' attribute is not specified and no embedded datasource could be configured.

Reason: Failed to determine a suitable driver class


Action:

Consider the following:
	If you want an embedded database (H2, HSQL or Derby), please put it on the classpath.
	If you have database settings to be loaded from a particular profile you may need to activate it (the profiles dev are currently active).

2023-03-25 01:59:38.474  INFO 12388 --- [main] com.springboot.Application               : Starting Application using Java 17.0.5 on Rick-yxs with PID 12388 (D:\back-end learning\java-exercise\JavaEE\javaSpringBoot-yxs\javaSpringBoot\SpringBoot\target\classes started by AKAtravis-yxs in D:\back-end learning\java-exercise\JavaEE\javaSpringBoot-yxs\javaSpringBoot)
2023-03-25 01:59:38.477  INFO 12388 --- [main] com.springboot.Application               : The following profiles are active: dev
2023-03-25 01:59:38.901  WARN 12388 --- [main] o.m.s.mapper.ClassPathMapperScanner      : No MyBatis mapper was found in '[com.springboot]' package. Please check your configuration.
2023-03-25 01:59:39.155  INFO 12388 --- [main] o.s.b.w.embedded.tomcat.TomcatWebServer  : Tomcat initialized with port(s): 8080 (http)
2023-03-25 01:59:39.161  INFO 12388 --- [main] o.apache.catalina.core.StandardService   : Starting service [Tomcat]
2023-03-25 01:59:39.161  INFO 12388 --- [main] org.apache.catalina.core.StandardEngine  : Starting Servlet engine: [Apache Tomcat/9.0.56]
2023-03-25 01:59:39.208  INFO 12388 --- [main] o.a.c.c.C.[Tomcat].[localhost].[/]       : Initializing Spring embedded WebApplicationContext
2023-03-25 01:59:39.208  INFO 12388 --- [main] w.s.c.ServletWebServerApplicationContext : Root WebApplicationContext: initialization completed in 696 ms
2023-03-25 01:59:39.383  WARN 12388 --- [main] ion$DefaultTemplateResolverConfiguration : Cannot find template location: classpath:/templates/ (please add some templates or check your Thymeleaf configuration)
2023-03-25 01:59:39.527  INFO 12388 --- [main] o.s.b.w.embedded.tomcat.TomcatWebServer  : Tomcat started on port(s): 8080 (http) with context path ''
2023-03-25 01:59:39.534  INFO 12388 --- [main] com.springboot.Application               : Started Application in 1.426 seconds (JVM running for 1.937)
2023-03-25 01:59:53.310  INFO 12388 --- [http-nio-8080-exec-1] o.a.c.c.C.[Tomcat].[localhost].[/]       : Initializing Spring DispatcherServlet 'dispatcherServlet'
2023-03-25 01:59:53.310  INFO 12388 --- [http-nio-8080-exec-1] o.s.web.servlet.DispatcherServlet        : Initializing Servlet 'dispatcherServlet'
2023-03-25 01:59:53.311  INFO 12388 --- [http-nio-8080-exec-1] o.s.web.servlet.DispatcherServlet        : Completed initialization in 1 ms
2023-03-25 01:59:53.360  WARN 12388 --- [http-nio-8080-exec-2] o.s.web.servlet.PageNotFound             : No mapping for GET /favicon.ico
2023-03-25 02:00:12.423  INFO 13368 --- [main] com.springboot.Application               : Starting Application using Java 17.0.5 on Rick-yxs with PID 13368 (D:\back-end learning\java-exercise\JavaEE\javaSpringBoot-yxs\javaSpringBoot\SpringBoot\target\classes started by AKAtravis-yxs in D:\back-end learning\java-exercise\JavaEE\javaSpringBoot-yxs\javaSpringBoot)
2023-03-25 02:00:12.425  INFO 13368 --- [main] com.springboot.Application               : The following profiles are active: prod
2023-03-25 02:00:12.779  WARN 13368 --- [main] o.m.s.mapper.ClassPathMapperScanner      : No MyBatis mapper was found in '[com.springboot]' package. Please check your configuration.
2023-03-25 02:00:13.022  INFO 13368 --- [main] o.s.b.w.embedded.tomcat.TomcatWebServer  : Tomcat initialized with port(s): 80 (http)
2023-03-25 02:00:13.028  INFO 13368 --- [main] o.apache.catalina.core.StandardService   : Starting service [Tomcat]
2023-03-25 02:00:13.028  INFO 13368 --- [main] org.apache.catalina.core.StandardEngine  : Starting Servlet engine: [Apache Tomcat/9.0.56]
2023-03-25 02:00:13.074  INFO 13368 --- [main] o.a.c.c.C.[Tomcat].[localhost].[/]       : Initializing Spring embedded WebApplicationContext
2023-03-25 02:00:13.075  INFO 13368 --- [main] w.s.c.ServletWebServerApplicationContext : Root WebApplicationContext: initialization completed in 623 ms
2023-03-25 02:00:13.249  WARN 13368 --- [main] ion$DefaultTemplateResolverConfiguration : Cannot find template location: classpath:/templates/ (please add some templates or check your Thymeleaf configuration)
2023-03-25 02:00:13.394  INFO 13368 --- [main] o.s.b.w.embedded.tomcat.TomcatWebServer  : Tomcat started on port(s): 80 (http) with context path ''
2023-03-25 02:00:13.402  INFO 13368 --- [main] com.springboot.Application               : Started Application in 1.306 seconds (JVM running for 1.699)
2023-03-25 02:00:33.588  INFO 13368 --- [http-nio-80-exec-1] o.a.c.c.C.[Tomcat].[localhost].[/]       : Initializing Spring DispatcherServlet 'dispatcherServlet'
2023-03-25 02:00:33.588  INFO 13368 --- [http-nio-80-exec-1] o.s.web.servlet.DispatcherServlet        : Initializing Servlet 'dispatcherServlet'
2023-03-25 02:00:33.589  INFO 13368 --- [http-nio-80-exec-1] o.s.web.servlet.DispatcherServlet        : Completed initialization in 1 ms
2023-03-25 10:23:19.403  INFO 10648 --- [main] com.springboot.Application               : Starting Application using Java 17.0.5 on Rick-yxs with PID 10648 (D:\back-end learning\java-exercise\JavaEE\javaSpringBoot-yxs\javaSpringBoot\SpringBoot\target\classes started by AKAtravis-yxs in D:\back-end learning\java-exercise\JavaEE\javaSpringBoot-yxs\javaSpringBoot)
2023-03-25 10:23:19.405  INFO 10648 --- [main] com.springboot.Application               : The following profiles are active: dev
2023-03-25 10:23:19.819  WARN 10648 --- [main] o.m.s.mapper.ClassPathMapperScanner      : No MyBatis mapper was found in '[com.springboot]' package. Please check your configuration.
2023-03-25 10:23:20.089  INFO 10648 --- [main] o.s.b.w.embedded.tomcat.TomcatWebServer  : Tomcat initialized with port(s): 8080 (http)
2023-03-25 10:23:20.097  INFO 10648 --- [main] o.apache.catalina.core.StandardService   : Starting service [Tomcat]
2023-03-25 10:23:20.097  INFO 10648 --- [main] org.apache.catalina.core.StandardEngine  : Starting Servlet engine: [Apache Tomcat/9.0.56]
2023-03-25 10:23:20.149  INFO 10648 --- [main] o.a.c.c.C.[Tomcat].[localhost].[/]       : Initializing Spring embedded WebApplicationContext
2023-03-25 10:23:20.150  INFO 10648 --- [main] w.s.c.ServletWebServerApplicationContext : Root WebApplicationContext: initialization completed in 716 ms
2023-03-25 10:23:20.348  WARN 10648 --- [main] ion$DefaultTemplateResolverConfiguration : Cannot find template location: classpath:/templates/ (please add some templates or check your Thymeleaf configuration)
2023-03-25 10:23:20.504  INFO 10648 --- [main] o.s.b.w.embedded.tomcat.TomcatWebServer  : Tomcat started on port(s): 8080 (http) with context path ''
2023-03-25 10:23:20.512  INFO 10648 --- [main] com.springboot.Application               : Started Application in 1.448 seconds (JVM running for 2.686)
